<?xml version="1.0" encoding="UTF-8"?>
<testsuite xmlns:xsi="http://www.w3.org/2001/XMLSchema-instance" xsi:noNamespaceSchemaLocation="https://maven.apache.org/surefire/maven-surefire-plugin/xsd/surefire-test-report-3.0.xsd" version="3.0" name="com.pixservice.carteira.controller.CarteiraControllerErrorIntegrationTest" time="10.536" tests="5" errors="0" skipped="0" failures="0">
  <properties>
[...]
</properties>
  <testcase name="deveRetornarInternalServerErrorAoCriarCarteiraErroInesperado" classname="com.pixservice.carteira.controller.CarteiraControllerErrorIntegrationTest" time="0.384">
    <system-out><![CDATA[21:40:48,819 |-INFO in ch.qos.logback.classic.LoggerContext[default] - This is logback-classic version 1.5.18
21:40:48,819 |-INFO in ch.qos.logback.classic.LoggerContext[default] - This is logback-core version 1.5.19
21:40:48,820 |-WARN in ch.qos.logback.classic.LoggerContext[default] - Versions of logback-core and logback-classic are different!
21:40:48,822 |-INFO in ch.qos.logback.classic.util.ContextInitializer@4b29d1d2 - Here is a list of configurators discovered as a service, by rank: 
21:40:48,822 |-INFO in ch.qos.logback.classic.util.ContextInitializer@4b29d1d2 -   org.springframework.boot.logging.logback.RootLogLevelConfigurator
21:40:48,822 |-INFO in ch.qos.logback.classic.util.ContextInitializer@4b29d1d2 - They will be invoked in order until ExecutionStatus.DO_NOT_INVOKE_NEXT_IF_ANY is returned.
21:40:48,822 |-INFO in ch.qos.logback.classic.util.ContextInitializer@4b29d1d2 - Constructed configurator of type class org.springframework.boot.logging.logback.RootLogLevelConfigurator
21:40:48,833 |-INFO in ch.qos.logback.classic.util.ContextInitializer@4b29d1d2 - org.springframework.boot.logging.logback.RootLogLevelConfigurator.configure() call lasted 1 milliseconds. ExecutionStatus=INVOKE_NEXT_IF_ANY
21:40:48,833 |-INFO in ch.qos.logback.classic.util.ContextInitializer@4b29d1d2 - Trying to configure with ch.qos.logback.classic.joran.SerializedModelConfigurator
21:40:48,833 |-INFO in ch.qos.logback.classic.util.ContextInitializer@4b29d1d2 - Constructed configurator of type class ch.qos.logback.classic.joran.SerializedModelConfigurator
21:40:48,835 |-INFO in ch.qos.logback.classic.LoggerContext[default] - Could NOT find resource [logback-test.scmo]
21:40:48,836 |-INFO in ch.qos.logback.classic.LoggerContext[default] - Could NOT find resource [logback.scmo]
21:40:48,836 |-INFO in ch.qos.logback.classic.util.ContextInitializer@4b29d1d2 - ch.qos.logback.classic.joran.SerializedModelConfigurator.configure() call lasted 3 milliseconds. ExecutionStatus=INVOKE_NEXT_IF_ANY
21:40:48,836 |-INFO in ch.qos.logback.classic.util.ContextInitializer@4b29d1d2 - Trying to configure with ch.qos.logback.classic.util.DefaultJoranConfigurator
21:40:48,836 |-INFO in ch.qos.logback.classic.util.ContextInitializer@4b29d1d2 - Constructed configurator of type class ch.qos.logback.classic.util.DefaultJoranConfigurator
21:40:48,837 |-INFO in ch.qos.logback.classic.LoggerContext[default] - Could NOT find resource [logback-test.xml]
21:40:48,837 |-INFO in ch.qos.logback.classic.LoggerContext[default] - Could NOT find resource [logback.xml]
21:40:48,837 |-INFO in ch.qos.logback.classic.util.ContextInitializer@4b29d1d2 - ch.qos.logback.classic.util.DefaultJoranConfigurator.configure() call lasted 1 milliseconds. ExecutionStatus=INVOKE_NEXT_IF_ANY
21:40:48,837 |-INFO in ch.qos.logback.classic.util.ContextInitializer@4b29d1d2 - Trying to configure with ch.qos.logback.classic.BasicConfigurator
21:40:48,838 |-INFO in ch.qos.logback.classic.util.ContextInitializer@4b29d1d2 - Constructed configurator of type class ch.qos.logback.classic.BasicConfigurator
21:40:48,838 |-INFO in ch.qos.logback.classic.BasicConfigurator@7f485fda - Setting up default configuration.
21:40:48,850 |-INFO in ch.qos.logback.core.ConsoleAppender[console] - NOTE: Writing to the console can be slow. Try to avoid logging to the 
21:40:48,850 |-INFO in ch.qos.logback.core.ConsoleAppender[console] - console in production environments, especially in high volume systems.
21:40:48,850 |-INFO in ch.qos.logback.core.ConsoleAppender[console] - See also https://logback.qos.ch/codes.html#slowConsole
21:40:48,851 |-INFO in ch.qos.logback.classic.util.ContextInitializer@4b29d1d2 - ch.qos.logback.classic.BasicConfigurator.configure() call lasted 13 milliseconds. ExecutionStatus=NEUTRAL

21:40:48.980 [main] INFO org.springframework.test.context.support.AnnotationConfigContextLoaderUtils -- Could not detect default configuration classes for test class [com.pixservice.carteira.controller.CarteiraControllerErrorIntegrationTest]: CarteiraControllerErrorIntegrationTest does not declare any static, non-private, non-final, nested classes annotated with @Configuration.
21:40:49.177 [main] INFO org.springframework.boot.test.context.SpringBootTestContextBootstrapper -- Found @SpringBootConfiguration com.pixservice.PixServiceApplication for test class com.pixservice.carteira.controller.CarteiraControllerErrorIntegrationTest

  .   ____          _            __ _ _
 /\\ / ___'_ __ _ _(_)_ __  __ _ \ \ \ \
( ( )\___ | '_ | '_| | '_ \/ _` | \ \ \ \
 \\/  ___)| |_)| | | | | || (_| |  ) ) ) )
  '  |____| .__|_| |_|_| |_\__, | / / / /
 =========|_|==============|___/=/_/_/_/

 :: Spring Boot ::               (v3.3.11)

2026-06-03T21:40:54.705-03:00  WARN 11788 --- [           main] org.hibernate.orm.deprecation            : HHH90000025: H2Dialect does not need to be specified explicitly using 'hibernate.dialect' (remove the property setting and it will be selected by default)
2026-06-03T21:40:58.949-03:00 ERROR 11788 --- [           main] c.p.c.excecoes.GlobalExceptionHandler    : Erro Interno: Erro ao salvar carteira: Falha inesperada
]]></system-out>
  </testcase>
  <testcase name="deveRetornarInternalServerErrorAoObterSaldoErroInesperado" classname="com.pixservice.carteira.controller.CarteiraControllerErrorIntegrationTest" time="0.021">
    <system-out><![CDATA[2026-06-03T21:40:59.138-03:00 ERROR 11788 --- [           main] c.p.c.excecoes.GlobalExceptionHandler    : Erro Interno: Erro ao buscar carteira: Falha inesperada ao buscar saldo
]]></system-out>
  </testcase>
  <testcase name="deveRetornarInternalServerErrorAoSacarErroInesperado" classname="com.pixservice.carteira.controller.CarteiraControllerErrorIntegrationTest" time="0.086">
    <system-out><![CDATA[2026-06-03T21:40:59.225-03:00 ERROR 11788 --- [           main] c.p.c.excecoes.GlobalExceptionHandler    : Erro Interno: Erro ao sacar na carteira: Falha inesperada no saque
]]></system-out>
  </testcase>
  <testcase name="deveRetornarInternalServerErrorAoDepositarErroInesperado" classname="com.pixservice.carteira.controller.CarteiraControllerErrorIntegrationTest" time="0.016">
    <system-out><![CDATA[2026-06-03T21:40:59.245-03:00 ERROR 11788 --- [           main] c.p.c.excecoes.GlobalExceptionHandler    : Erro Interno: Erro ao depositar na carteira: Falha inesperada no depósito
]]></system-out>
  </testcase>
  <testcase name="deveRetornarBadRequestAoObterSaldoExcecaoDeDominio" classname="com.pixservice.carteira.controller.CarteiraControllerErrorIntegrationTest" time="0.015">
    <system-out><![CDATA[2026-06-03T21:40:59.265-03:00 ERROR 11788 --- [           main] c.p.c.excecoes.GlobalExceptionHandler    : Erro: Erro ao buscar carteira: Erro de negócio
]]></system-out>
  </testcase>
</testsuite>