<?xml version="1.0" encoding="UTF-8"?>
<testsuite xmlns:xsi="http://www.w3.org/2001/XMLSchema-instance" xsi:noNamespaceSchemaLocation="https://maven.apache.org/surefire/maven-surefire-plugin/xsd/surefire-test-report-3.0.xsd" version="3.0" name="com.pixservice.carteira.entity.CarteiraTest" time="0.074" tests="12" errors="0" skipped="0" failures="0">
  <properties>
[...]
</properties>
  <testcase name="deveDepositarValor" classname="com.pixservice.carteira.entity.CarteiraTest" time="0.007"/>
  <testcase name="deveRetornarExcecaoCasoDepositoComValorNulo" classname="com.pixservice.carteira.entity.CarteiraTest" time="0.004"/>
  <testcase name="deveRetornarExcecaoCasoDepositoComValorZero" classname="com.pixservice.carteira.entity.CarteiraTest" time="0.001"/>
  <testcase name="deveRetornarExcecaoCasoProprietarioIdNuloOuVazio(String)[1]" classname="com.pixservice.carteira.entity.CarteiraTest" time="0.024"/>
  <testcase name="deveRetornarExcecaoCasoProprietarioIdNuloOuVazio(String)[2]" classname="com.pixservice.carteira.entity.CarteiraTest" time="0.001"/>
  <testcase name="deveRetornarExcecaoCasoDepositoComValorNegativo" classname="com.pixservice.carteira.entity.CarteiraTest" time="0.001"/>
  <testcase name="deveInstanciarCarteira" classname="com.pixservice.carteira.entity.CarteiraTest" time="0.001"/>
  <testcase name="deveRetornarExcecaoCasoSaqueComValorNulo" classname="com.pixservice.carteira.entity.CarteiraTest" time="0.001"/>
  <testcase name="deveRetornarExcecaoCasoSaqueComValorZero" classname="com.pixservice.carteira.entity.CarteiraTest" time="0.002"/>
  <testcase name="deveSacarValor" classname="com.pixservice.carteira.entity.CarteiraTest" time="0.001"/>
  <testcase name="deveRetornarExcecaoCasoSaqueComSaldoInsuficiente" classname="com.pixservice.carteira.entity.CarteiraTest" time="0.001"/>
  <testcase name="deveRetornarExcecaoCasoSaqueComValorNegativo" classname="com.pixservice.carteira.entity.CarteiraTest" time="0.002"/>
</testsuite>